#! /opt/homebrew/Cellar/icarus-verilog/11.0/bin/vvp
:ivl_version "11.0 (stable)";
:ivl_delay_selection "TYPICAL";
:vpi_time_precision + 0;
:vpi_module "/opt/homebrew/Cellar/icarus-verilog/11.0/lib/ivl/system.vpi";
:vpi_module "/opt/homebrew/Cellar/icarus-verilog/11.0/lib/ivl/vhdl_sys.vpi";
:vpi_module "/opt/homebrew/Cellar/icarus-verilog/11.0/lib/ivl/vhdl_textio.vpi";
:vpi_module "/opt/homebrew/Cellar/icarus-verilog/11.0/lib/ivl/v2005_math.vpi";
:vpi_module "/opt/homebrew/Cellar/icarus-verilog/11.0/lib/ivl/va_math.vpi";
S_0x138e50a00 .scope module, "sim" "sim" 2 1;
 .timescale 0 0;
v0x138e88090_0 .var/i "a_in", 31 0;
v0x138e88120_0 .var "clk", 0 0;
v0x138e881b0_0 .var/i "data_cnt", 31 0;
v0x138e88240_0 .var/i "file_in", 31 0;
v0x138e882d0_0 .var/i "file_out", 31 0;
v0x138e883a0_0 .var/i "i", 31 0;
v0x138e88450_0 .var "in0_im", 31 0;
v0x138e884f0_0 .var "in1_im", 31 0;
v0x138e885a0_0 .var "in2_im", 31 0;
v0x138e886d0_0 .var "in3_im", 31 0;
v0x138e88760_0 .var "in4_im", 31 0;
v0x138e88810_0 .var "in5_im", 31 0;
v0x138e888b0_0 .var "in6_im", 31 0;
v0x138e88960_0 .var "in7_im", 31 0;
v0x138e88a10_0 .net "out0_1_im", 31 0, L_0x138e8b2e0;  1 drivers
v0x138e88ae0_0 .net "out0_1_re", 31 0, L_0x138e8b250;  1 drivers
v0x138e88bc0_0 .net "out0_2_im", 31 0, L_0x138e8bc60;  1 drivers
v0x138e88d90_0 .net "out0_2_re", 31 0, L_0x138e8bbd0;  1 drivers
v0x138e88e20_0 .net "out0_3_im", 31 0, L_0x138e8c6a0;  1 drivers
v0x138e88eb0_0 .net "out0_3_re", 31 0, L_0x138e8c5f0;  1 drivers
v0x138e88f40_0 .net "out1_1_im", 31 0, L_0x138e8b420;  1 drivers
v0x138e88fd0_0 .net "out1_1_re", 31 0, L_0x138e8b370;  1 drivers
v0x138e890a0_0 .net "out1_2_im", 31 0, L_0x138e8bee0;  1 drivers
v0x138e89170_0 .net "out1_2_re", 31 0, L_0x138e8be50;  1 drivers
v0x138e89240_0 .net "out1_3_im", 31 0, L_0x138e8ca00;  1 drivers
v0x138e892d0_0 .net "out1_3_re", 31 0, L_0x138e8c950;  1 drivers
v0x138e89360_0 .net "out2_1_im", 31 0, L_0x138e8b540;  1 drivers
v0x138e89430_0 .net "out2_1_re", 31 0, L_0x138e8b4b0;  1 drivers
v0x138e89500_0 .net "out2_2_im", 31 0, L_0x138e8bda0;  1 drivers
v0x138e895d0_0 .net "out2_2_re", 31 0, L_0x138e8bcf0;  1 drivers
v0x138e896a0_0 .net "out2_3_im", 31 0, L_0x138e8cd00;  1 drivers
v0x138e89730_0 .net "out2_3_re", 31 0, L_0x138e8cc50;  1 drivers
v0x138e897c0_0 .net "out3_1_im", 31 0, L_0x138e8b680;  1 drivers
v0x138e88c90_0 .net "out3_1_re", 31 0, L_0x138e8b5d0;  1 drivers
v0x138e89a90_0 .net "out3_2_im", 31 0, L_0x138e8c020;  1 drivers
v0x138e89b60_0 .net "out3_2_re", 31 0, L_0x138e8bf70;  1 drivers
v0x138e89c30_0 .net "out3_3_im", 31 0, L_0x138e8d060;  1 drivers
v0x138e89cc0_0 .net "out3_3_re", 31 0, L_0x138e8cff0;  1 drivers
v0x138e89d50_0 .net "out4_1_im", 31 0, L_0x138e8b7a0;  1 drivers
v0x138e89e20_0 .net "out4_1_re", 31 0, L_0x138e8b710;  1 drivers
v0x138e89ef0_0 .net "out4_2_im", 31 0, L_0x138e8c160;  1 drivers
v0x138e89fc0_0 .net "out4_2_re", 31 0, L_0x138e8c0d0;  1 drivers
v0x138e8a090_0 .net "out4_3_im", 31 0, L_0x138e8c820;  1 drivers
v0x138e8a120_0 .net "out4_3_re", 31 0, L_0x138e8c750;  1 drivers
v0x138e8a1b0_0 .net "out5_1_im", 31 0, L_0x138e8b8e0;  1 drivers
v0x138e8a280_0 .net "out5_1_re", 31 0, L_0x138e8b830;  1 drivers
v0x138e8a350_0 .net "out5_2_im", 31 0, L_0x138e8c400;  1 drivers
v0x138e8a420_0 .net "out5_2_re", 31 0, L_0x138e8c370;  1 drivers
v0x138e8a4f0_0 .net "out5_3_im", 31 0, L_0x138e8cb60;  1 drivers
v0x138e8a580_0 .net "out5_3_re", 31 0, L_0x138e8cab0;  1 drivers
v0x138e8a610_0 .net "out6_1_im", 31 0, L_0x138e8ba00;  1 drivers
v0x138e8a6e0_0 .net "out6_1_re", 31 0, L_0x138e8b970;  1 drivers
v0x138e8a7b0_0 .net "out6_2_im", 31 0, L_0x138e8c2a0;  1 drivers
v0x138e8a880_0 .net "out6_2_re", 31 0, L_0x138e8c1f0;  1 drivers
v0x138e8a950_0 .net "out6_3_im", 31 0, L_0x138e8ce80;  1 drivers
v0x138e8a9e0_0 .net "out6_3_re", 31 0, L_0x138e8cdb0;  1 drivers
v0x138e8aa70_0 .net "out7_1_im", 31 0, L_0x138e8bb40;  1 drivers
v0x138e8ab40_0 .net "out7_1_re", 31 0, L_0x138e8ba90;  1 drivers
v0x138e8ac10_0 .net "out7_2_im", 31 0, L_0x138e8c540;  1 drivers
v0x138e8ace0_0 .net "out7_2_re", 31 0, L_0x138e8c490;  1 drivers
v0x138e8adb0_0 .net "out7_3_im", 31 0, L_0x138e8d1e0;  1 drivers
v0x138e8ae40_0 .net "out7_3_re", 31 0, L_0x138e8d110;  1 drivers
L_0x140078250 .functor BUFT 1, C4<1>, C4<0>, C4<0>, C4<0>;
v0x138e8aed0_0 .net "result3_en", 0 0, L_0x140078250;  1 drivers
L_0x1400782e0 .functor BUFT 1, C4<1>, C4<0>, C4<0>, C4<0>;
v0x138e8af60_0 .net "result4_en", 0 0, L_0x1400782e0;  1 drivers
v0x138e8b010_0 .var "result_en", 0 0;
L_0x140078130 .functor BUFT 1, C4<1>, C4<0>, C4<0>, C4<0>;
v0x138e89850_0 .net "result_en1", 0 0, L_0x140078130;  1 drivers
L_0x1400781c0 .functor BUFT 1, C4<1>, C4<0>, C4<0>, C4<0>;
v0x138e89900_0 .net "result_en2", 0 0, L_0x1400781c0;  1 drivers
v0x138e899b0_0 .var "rst", 0 0;
v0x138e8b0a0 .array/s "target_buf", 0 7, 31 0;
S_0x138e5ec60 .scope module, "fft1_1" "FFT1" 2 86, 3 3 0, S_0x138e50a00;
 .timescale 0 0;
    .port_info 0 /INPUT 1 "clk";
    .port_info 1 /INPUT 32 "a_re";
    .port_info 2 /INPUT 32 "a_im";
    .port_info 3 /INPUT 32 "b_re";
    .port_info 4 /INPUT 32 "b_im";
    .port_info 5 /OUTPUT 32 "c_re";
    .port_info 6 /OUTPUT 32 "c_im";
    .port_info 7 /OUTPUT 32 "d_re";
    .port_info 8 /OUTPUT 32 "d_im";
L_0x138e8b250 .functor BUFZ 32, v0x138e7e320_0, C4<00000000000000000000000000000000>, C4<00000000000000000000000000000000>, C4<00000000000000000000000000000000>;
L_0x138e8b2e0 .functor BUFZ 32, v0x138e7e1c0_0, C4<00000000000000000000000000000000>, C4<00000000000000000000000000000000>, C4<00000000000000000000000000000000>;
L_0x138e8b370 .functor BUFZ 32, v0x138e7e6e0_0, C4<00000000000000000000000000000000>, C4<00000000000000000000000000000000>, C4<00000000000000000000000000000000>;
L_0x138e8b420 .functor BUFZ 32, v0x138e7e580_0, C4<00000000000000000000000000000000>, C4<00000000000000000000000000000000>, C4<00000000000000000000000000000000>;
v0x138e710a0_0 .net "a_im", 31 0, v0x138e88450_0;  1 drivers
v0x138e8b0a0_0 .array/port v0x138e8b0a0, 0;
v0x138e7ded0_0 .net "a_re", 31 0, v0x138e8b0a0_0;  1 drivers
v0x138e7df70_0 .net "b_im", 31 0, v0x138e886d0_0;  1 drivers
v0x138e8b0a0_3 .array/port v0x138e8b0a0, 3;
v0x138e7e020_0 .net "b_re", 31 0, v0x138e8b0a0_3;  1 drivers
v0x138e7e0d0_0 .net "c_im", 31 0, L_0x138e8b2e0;  alias, 1 drivers
v0x138e7e1c0_0 .var "c_im_dum", 31 0;
v0x138e7e270_0 .net "c_re", 31 0, L_0x138e8b250;  alias, 1 drivers
v0x138e7e320_0 .var "c_re_dum", 31 0;
v0x138e7e3d0_0 .net "clk", 0 0, v0x138e88120_0;  1 drivers
v0x138e7e4e0_0 .net "d_im", 31 0, L_0x138e8b420;  alias, 1 drivers
v0x138e7e580_0 .var "d_im_dum", 31 0;
v0x138e7e630_0 .net "d_re", 31 0, L_0x138e8b370;  alias, 1 drivers
v0x138e7e6e0_0 .var "d_re_dum", 31 0;
E_0x138e37f90 .event posedge, v0x138e7e3d0_0;
S_0x138e7e870 .scope module, "fft1_2" "FFT1" 2 97, 3 3 0, S_0x138e50a00;
 .timescale 0 0;
    .port_info 0 /INPUT 1 "clk";
    .port_info 1 /INPUT 32 "a_re";
    .port_info 2 /INPUT 32 "a_im";
    .port_info 3 /INPUT 32 "b_re";
    .port_info 4 /INPUT 32 "b_im";
    .port_info 5 /OUTPUT 32 "c_re";
    .port_info 6 /OUTPUT 32 "c_im";
    .port_info 7 /OUTPUT 32 "d_re";
    .port_info 8 /OUTPUT 32 "d_im";
L_0x138e8b4b0 .functor BUFZ 32, v0x138e7f000_0, C4<00000000000000000000000000000000>, C4<00000000000000000000000000000000>, C4<00000000000000000000000000000000>;
L_0x138e8b540 .functor BUFZ 32, v0x138e7eea0_0, C4<00000000000000000000000000000000>, C4<00000000000000000000000000000000>, C4<00000000000000000000000000000000>;
L_0x138e8b5d0 .functor BUFZ 32, v0x138e7f380_0, C4<00000000000000000000000000000000>, C4<00000000000000000000000000000000>, C4<00000000000000000000000000000000>;
L_0x138e8b680 .functor BUFZ 32, v0x138e7f250_0, C4<00000000000000000000000000000000>, C4<00000000000000000000000000000000>, C4<00000000000000000000000000000000>;
v0x138e7eb10_0 .net "a_im", 31 0, v0x138e885a0_0;  1 drivers
v0x138e8b0a0_2 .array/port v0x138e8b0a0, 2;
v0x138e7eba0_0 .net "a_re", 31 0, v0x138e8b0a0_2;  1 drivers
v0x138e7ec40_0 .net "b_im", 31 0, v0x138e888b0_0;  1 drivers
v0x138e8b0a0_6 .array/port v0x138e8b0a0, 6;
v0x138e7ed00_0 .net "b_re", 31 0, v0x138e8b0a0_6;  1 drivers
v0x138e7edb0_0 .net "c_im", 31 0, L_0x138e8b540;  alias, 1 drivers
v0x138e7eea0_0 .var "c_im_dum", 31 0;
v0x138e7ef50_0 .net "c_re", 31 0, L_0x138e8b4b0;  alias, 1 drivers
v0x138e7f000_0 .var "c_re_dum", 31 0;
v0x138e7f0b0_0 .net "clk", 0 0, v0x138e88120_0;  alias, 1 drivers
v0x138e7f1c0_0 .net "d_im", 31 0, L_0x138e8b680;  alias, 1 drivers
v0x138e7f250_0 .var "d_im_dum", 31 0;
v0x138e7f2e0_0 .net "d_re", 31 0, L_0x138e8b5d0;  alias, 1 drivers
v0x138e7f380_0 .var "d_re_dum", 31 0;
S_0x138e7f510 .scope module, "fft1_3" "FFT1" 2 108, 3 3 0, S_0x138e50a00;
 .timescale 0 0;
    .port_info 0 /INPUT 1 "clk";
    .port_info 1 /INPUT 32 "a_re";
    .port_info 2 /INPUT 32 "a_im";
    .port_info 3 /INPUT 32 "b_re";
    .port_info 4 /INPUT 32 "b_im";
    .port_info 5 /OUTPUT 32 "c_re";
    .port_info 6 /OUTPUT 32 "c_im";
    .port_info 7 /OUTPUT 32 "d_re";
    .port_info 8 /OUTPUT 32 "d_im";
L_0x138e8b710 .functor BUFZ 32, v0x138e7fcf0_0, C4<00000000000000000000000000000000>, C4<00000000000000000000000000000000>, C4<00000000000000000000000000000000>;
L_0x138e8b7a0 .functor BUFZ 32, v0x138e7fb90_0, C4<00000000000000000000000000000000>, C4<00000000000000000000000000000000>, C4<00000000000000000000000000000000>;
L_0x138e8b830 .functor BUFZ 32, v0x138e800a0_0, C4<00000000000000000000000000000000>, C4<00000000000000000000000000000000>, C4<00000000000000000000000000000000>;
L_0x138e8b8e0 .functor BUFZ 32, v0x138e7ff40_0, C4<00000000000000000000000000000000>, C4<00000000000000000000000000000000>, C4<00000000000000000000000000000000>;
v0x138e7f7d0_0 .net "a_im", 31 0, v0x138e884f0_0;  1 drivers
v0x138e8b0a0_1 .array/port v0x138e8b0a0, 1;
v0x138e7f880_0 .net "a_re", 31 0, v0x138e8b0a0_1;  1 drivers
v0x138e7f930_0 .net "b_im", 31 0, v0x138e88810_0;  1 drivers
v0x138e8b0a0_5 .array/port v0x138e8b0a0, 5;
v0x138e7f9f0_0 .net "b_re", 31 0, v0x138e8b0a0_5;  1 drivers
v0x138e7faa0_0 .net "c_im", 31 0, L_0x138e8b7a0;  alias, 1 drivers
v0x138e7fb90_0 .var "c_im_dum", 31 0;
v0x138e7fc40_0 .net "c_re", 31 0, L_0x138e8b710;  alias, 1 drivers
v0x138e7fcf0_0 .var "c_re_dum", 31 0;
v0x138e7fda0_0 .net "clk", 0 0, v0x138e88120_0;  alias, 1 drivers
v0x138e7feb0_0 .net "d_im", 31 0, L_0x138e8b8e0;  alias, 1 drivers
v0x138e7ff40_0 .var "d_im_dum", 31 0;
v0x138e7fff0_0 .net "d_re", 31 0, L_0x138e8b830;  alias, 1 drivers
v0x138e800a0_0 .var "d_re_dum", 31 0;
S_0x138e80230 .scope module, "fft1_4" "FFT1" 2 119, 3 3 0, S_0x138e50a00;
 .timescale 0 0;
    .port_info 0 /INPUT 1 "clk";
    .port_info 1 /INPUT 32 "a_re";
    .port_info 2 /INPUT 32 "a_im";
    .port_info 3 /INPUT 32 "b_re";
    .port_info 4 /INPUT 32 "b_im";
    .port_info 5 /OUTPUT 32 "c_re";
    .port_info 6 /OUTPUT 32 "c_im";
    .port_info 7 /OUTPUT 32 "d_re";
    .port_info 8 /OUTPUT 32 "d_im";
L_0x138e8b970 .functor BUFZ 32, v0x138e809e0_0, C4<00000000000000000000000000000000>, C4<00000000000000000000000000000000>, C4<00000000000000000000000000000000>;
L_0x138e8ba00 .functor BUFZ 32, v0x138e80880_0, C4<00000000000000000000000000000000>, C4<00000000000000000000000000000000>, C4<00000000000000000000000000000000>;
L_0x138e8ba90 .functor BUFZ 32, v0x138e80d90_0, C4<00000000000000000000000000000000>, C4<00000000000000000000000000000000>, C4<00000000000000000000000000000000>;
L_0x138e8bb40 .functor BUFZ 32, v0x138e80c30_0, C4<00000000000000000000000000000000>, C4<00000000000000000000000000000000>, C4<00000000000000000000000000000000>;
v0x138e804d0_0 .net "a_im", 31 0, v0x138e886d0_0;  alias, 1 drivers
v0x138e80580_0 .net "a_re", 31 0, v0x138e8b0a0_3;  alias, 1 drivers
v0x138e80630_0 .net "b_im", 31 0, v0x138e88960_0;  1 drivers
v0x138e8b0a0_7 .array/port v0x138e8b0a0, 7;
v0x138e806e0_0 .net "b_re", 31 0, v0x138e8b0a0_7;  1 drivers
v0x138e80790_0 .net "c_im", 31 0, L_0x138e8ba00;  alias, 1 drivers
v0x138e80880_0 .var "c_im_dum", 31 0;
v0x138e80930_0 .net "c_re", 31 0, L_0x138e8b970;  alias, 1 drivers
v0x138e809e0_0 .var "c_re_dum", 31 0;
v0x138e80a90_0 .net "clk", 0 0, v0x138e88120_0;  alias, 1 drivers
v0x138e80ba0_0 .net "d_im", 31 0, L_0x138e8bb40;  alias, 1 drivers
v0x138e80c30_0 .var "d_im_dum", 31 0;
v0x138e80ce0_0 .net "d_re", 31 0, L_0x138e8ba90;  alias, 1 drivers
v0x138e80d90_0 .var "d_re_dum", 31 0;
S_0x138e80f20 .scope module, "fft2_1" "FFT2" 2 132, 3 31 0, S_0x138e50a00;
 .timescale 0 0;
    .port_info 0 /INPUT 1 "clk";
    .port_info 1 /INPUT 1 "rotate";
    .port_info 2 /INPUT 32 "a_re";
    .port_info 3 /INPUT 32 "a_im";
    .port_info 4 /INPUT 32 "b_re";
    .port_info 5 /INPUT 32 "b_im";
    .port_info 6 /OUTPUT 32 "c_re";
    .port_info 7 /OUTPUT 32 "c_im";
    .port_info 8 /OUTPUT 32 "d_re";
    .port_info 9 /OUTPUT 32 "d_im";
L_0x138e8bbd0 .functor BUFZ 32, v0x138e816e0_0, C4<00000000000000000000000000000000>, C4<00000000000000000000000000000000>, C4<00000000000000000000000000000000>;
L_0x138e8bc60 .functor BUFZ 32, v0x138e81580_0, C4<00000000000000000000000000000000>, C4<00000000000000000000000000000000>, C4<00000000000000000000000000000000>;
L_0x138e8bcf0 .functor BUFZ 32, v0x138e81ad0_0, C4<00000000000000000000000000000000>, C4<00000000000000000000000000000000>, C4<00000000000000000000000000000000>;
L_0x138e8bda0 .functor BUFZ 32, v0x138e819b0_0, C4<00000000000000000000000000000000>, C4<00000000000000000000000000000000>, C4<00000000000000000000000000000000>;
v0x138e811d0_0 .net "a_im", 31 0, L_0x138e8b2e0;  alias, 1 drivers
v0x138e81280_0 .net "a_re", 31 0, L_0x138e8b250;  alias, 1 drivers
v0x138e81330_0 .net "b_im", 31 0, L_0x138e8b540;  alias, 1 drivers
v0x138e81400_0 .net "b_re", 31 0, L_0x138e8b4b0;  alias, 1 drivers
v0x138e814b0_0 .net "c_im", 31 0, L_0x138e8bc60;  alias, 1 drivers
v0x138e81580_0 .var "c_im_dum", 31 0;
v0x138e81630_0 .net "c_re", 31 0, L_0x138e8bbd0;  alias, 1 drivers
v0x138e816e0_0 .var "c_re_dum", 31 0;
v0x138e81790_0 .net "clk", 0 0, v0x138e88120_0;  alias, 1 drivers
v0x138e81920_0 .net "d_im", 31 0, L_0x138e8bda0;  alias, 1 drivers
v0x138e819b0_0 .var "d_im_dum", 31 0;
v0x138e81a40_0 .net "d_re", 31 0, L_0x138e8bcf0;  alias, 1 drivers
v0x138e81ad0_0 .var "d_re_dum", 31 0;
L_0x140078010 .functor BUFT 1, C4<0>, C4<0>, C4<0>, C4<0>;
v0x138e81b80_0 .net "rotate", 0 0, L_0x140078010;  1 drivers
S_0x138e81d10 .scope module, "fft2_2" "FFT2" 2 144, 3 31 0, S_0x138e50a00;
 .timescale 0 0;
    .port_info 0 /INPUT 1 "clk";
    .port_info 1 /INPUT 1 "rotate";
    .port_info 2 /INPUT 32 "a_re";
    .port_info 3 /INPUT 32 "a_im";
    .port_info 4 /INPUT 32 "b_re";
    .port_info 5 /INPUT 32 "b_im";
    .port_info 6 /OUTPUT 32 "c_re";
    .port_info 7 /OUTPUT 32 "c_im";
    .port_info 8 /OUTPUT 32 "d_re";
    .port_info 9 /OUTPUT 32 "d_im";
L_0x138e8be50 .functor BUFZ 32, v0x138e824b0_0, C4<00000000000000000000000000000000>, C4<00000000000000000000000000000000>, C4<00000000000000000000000000000000>;
L_0x138e8bee0 .functor BUFZ 32, v0x138e82350_0, C4<00000000000000000000000000000000>, C4<00000000000000000000000000000000>, C4<00000000000000000000000000000000>;
L_0x138e8bf70 .functor BUFZ 32, v0x138e82860_0, C4<00000000000000000000000000000000>, C4<00000000000000000000000000000000>, C4<00000000000000000000000000000000>;
L_0x138e8c020 .functor BUFZ 32, v0x138e82700_0, C4<00000000000000000000000000000000>, C4<00000000000000000000000000000000>, C4<00000000000000000000000000000000>;
v0x138e81fc0_0 .net "a_im", 31 0, L_0x138e8b420;  alias, 1 drivers
v0x138e82050_0 .net "a_re", 31 0, L_0x138e8b370;  alias, 1 drivers
v0x138e82100_0 .net "b_im", 31 0, L_0x138e8b680;  alias, 1 drivers
v0x138e821d0_0 .net "b_re", 31 0, L_0x138e8b5d0;  alias, 1 drivers
v0x138e82280_0 .net "c_im", 31 0, L_0x138e8bee0;  alias, 1 drivers
v0x138e82350_0 .var "c_im_dum", 31 0;
v0x138e82400_0 .net "c_re", 31 0, L_0x138e8be50;  alias, 1 drivers
v0x138e824b0_0 .var "c_re_dum", 31 0;
v0x138e82560_0 .net "clk", 0 0, v0x138e88120_0;  alias, 1 drivers
v0x138e82670_0 .net "d_im", 31 0, L_0x138e8c020;  alias, 1 drivers
v0x138e82700_0 .var "d_im_dum", 31 0;
v0x138e827b0_0 .net "d_re", 31 0, L_0x138e8bf70;  alias, 1 drivers
v0x138e82860_0 .var "d_re_dum", 31 0;
L_0x140078058 .functor BUFT 1, C4<1>, C4<0>, C4<0>, C4<0>;
v0x138e82910_0 .net "rotate", 0 0, L_0x140078058;  1 drivers
S_0x138e82aa0 .scope module, "fft2_3" "FFT2" 2 156, 3 31 0, S_0x138e50a00;
 .timescale 0 0;
    .port_info 0 /INPUT 1 "clk";
    .port_info 1 /INPUT 1 "rotate";
    .port_info 2 /INPUT 32 "a_re";
    .port_info 3 /INPUT 32 "a_im";
    .port_info 4 /INPUT 32 "b_re";
    .port_info 5 /INPUT 32 "b_im";
    .port_info 6 /OUTPUT 32 "c_re";
    .port_info 7 /OUTPUT 32 "c_im";
    .port_info 8 /OUTPUT 32 "d_re";
    .port_info 9 /OUTPUT 32 "d_im";
L_0x138e8c0d0 .functor BUFZ 32, v0x138e83240_0, C4<00000000000000000000000000000000>, C4<00000000000000000000000000000000>, C4<00000000000000000000000000000000>;
L_0x138e8c160 .functor BUFZ 32, v0x138e830e0_0, C4<00000000000000000000000000000000>, C4<00000000000000000000000000000000>, C4<00000000000000000000000000000000>;
L_0x138e8c1f0 .functor BUFZ 32, v0x138e835f0_0, C4<00000000000000000000000000000000>, C4<00000000000000000000000000000000>, C4<00000000000000000000000000000000>;
L_0x138e8c2a0 .functor BUFZ 32, v0x138e83490_0, C4<00000000000000000000000000000000>, C4<00000000000000000000000000000000>, C4<00000000000000000000000000000000>;
v0x138e82d50_0 .net "a_im", 31 0, L_0x138e8b7a0;  alias, 1 drivers
v0x138e82de0_0 .net "a_re", 31 0, L_0x138e8b710;  alias, 1 drivers
v0x138e82e90_0 .net "b_im", 31 0, L_0x138e8ba00;  alias, 1 drivers
v0x138e82f60_0 .net "b_re", 31 0, L_0x138e8b970;  alias, 1 drivers
v0x138e83010_0 .net "c_im", 31 0, L_0x138e8c160;  alias, 1 drivers
v0x138e830e0_0 .var "c_im_dum", 31 0;
v0x138e83190_0 .net "c_re", 31 0, L_0x138e8c0d0;  alias, 1 drivers
v0x138e83240_0 .var "c_re_dum", 31 0;
v0x138e832f0_0 .net "clk", 0 0, v0x138e88120_0;  alias, 1 drivers
v0x138e83400_0 .net "d_im", 31 0, L_0x138e8c2a0;  alias, 1 drivers
v0x138e83490_0 .var "d_im_dum", 31 0;
v0x138e83540_0 .net "d_re", 31 0, L_0x138e8c1f0;  alias, 1 drivers
v0x138e835f0_0 .var "d_re_dum", 31 0;
L_0x1400780a0 .functor BUFT 1, C4<0>, C4<0>, C4<0>, C4<0>;
v0x138e836a0_0 .net "rotate", 0 0, L_0x1400780a0;  1 drivers
S_0x138e83830 .scope module, "fft2_4" "FFT2" 2 168, 3 31 0, S_0x138e50a00;
 .timescale 0 0;
    .port_info 0 /INPUT 1 "clk";
    .port_info 1 /INPUT 1 "rotate";
    .port_info 2 /INPUT 32 "a_re";
    .port_info 3 /INPUT 32 "a_im";
    .port_info 4 /INPUT 32 "b_re";
    .port_info 5 /INPUT 32 "b_im";
    .port_info 6 /OUTPUT 32 "c_re";
    .port_info 7 /OUTPUT 32 "c_im";
    .port_info 8 /OUTPUT 32 "d_re";
    .port_info 9 /OUTPUT 32 "d_im";
L_0x138e8c370 .functor BUFZ 32, v0x138e83fd0_0, C4<00000000000000000000000000000000>, C4<00000000000000000000000000000000>, C4<00000000000000000000000000000000>;
L_0x138e8c400 .functor BUFZ 32, v0x138e83e70_0, C4<00000000000000000000000000000000>, C4<00000000000000000000000000000000>, C4<00000000000000000000000000000000>;
L_0x138e8c490 .functor BUFZ 32, v0x138e84380_0, C4<00000000000000000000000000000000>, C4<00000000000000000000000000000000>, C4<00000000000000000000000000000000>;
L_0x138e8c540 .functor BUFZ 32, v0x138e84220_0, C4<00000000000000000000000000000000>, C4<00000000000000000000000000000000>, C4<00000000000000000000000000000000>;
v0x138e83ae0_0 .net "a_im", 31 0, L_0x138e8b8e0;  alias, 1 drivers
v0x138e83b70_0 .net "a_re", 31 0, L_0x138e8b830;  alias, 1 drivers
v0x138e83c20_0 .net "b_im", 31 0, L_0x138e8bb40;  alias, 1 drivers
v0x138e83cf0_0 .net "b_re", 31 0, L_0x138e8ba90;  alias, 1 drivers
v0x138e83da0_0 .net "c_im", 31 0, L_0x138e8c400;  alias, 1 drivers
v0x138e83e70_0 .var "c_im_dum", 31 0;
v0x138e83f20_0 .net "c_re", 31 0, L_0x138e8c370;  alias, 1 drivers
v0x138e83fd0_0 .var "c_re_dum", 31 0;
v0x138e84080_0 .net "clk", 0 0, v0x138e88120_0;  alias, 1 drivers
v0x138e84190_0 .net "d_im", 31 0, L_0x138e8c540;  alias, 1 drivers
v0x138e84220_0 .var "d_im_dum", 31 0;
v0x138e842d0_0 .net "d_re", 31 0, L_0x138e8c490;  alias, 1 drivers
v0x138e84380_0 .var "d_re_dum", 31 0;
L_0x1400780e8 .functor BUFT 1, C4<1>, C4<0>, C4<0>, C4<0>;
v0x138e84430_0 .net "rotate", 0 0, L_0x1400780e8;  1 drivers
S_0x138e845c0 .scope module, "fft3_1" "FFT3" 2 182, 3 70 0, S_0x138e50a00;
 .timescale 0 0;
    .port_info 0 /INPUT 1 "clk";
    .port_info 1 /INPUT 2 "rotate";
    .port_info 2 /INPUT 32 "a_re";
    .port_info 3 /INPUT 32 "a_im";
    .port_info 4 /INPUT 32 "b_re";
    .port_info 5 /INPUT 32 "b_im";
    .port_info 6 /OUTPUT 32 "c_re";
    .port_info 7 /OUTPUT 32 "c_im";
    .port_info 8 /OUTPUT 32 "d_re";
    .port_info 9 /OUTPUT 32 "d_im";
    .port_info 10 /OUTPUT 1 "result_en";
L_0x138e8c5f0 .functor BUFZ 32, v0x138e84dd0_0, C4<00000000000000000000000000000000>, C4<00000000000000000000000000000000>, C4<00000000000000000000000000000000>;
L_0x138e8c6a0 .functor BUFZ 32, v0x138e84c70_0, C4<00000000000000000000000000000000>, C4<00000000000000000000000000000000>, C4<00000000000000000000000000000000>;
L_0x138e8c750 .functor BUFZ 32, v0x138e85240_0, C4<00000000000000000000000000000000>, C4<00000000000000000000000000000000>, C4<00000000000000000000000000000000>;
L_0x138e8c820 .functor BUFZ 32, v0x138e85120_0, C4<00000000000000000000000000000000>, C4<00000000000000000000000000000000>, C4<00000000000000000000000000000000>;
v0x138e84920_0 .net "a_im", 31 0, L_0x138e8bc60;  alias, 1 drivers
v0x138e849b0_0 .net "a_re", 31 0, L_0x138e8bbd0;  alias, 1 drivers
v0x138e84a40_0 .net "b_im", 31 0, L_0x138e8c160;  alias, 1 drivers
v0x138e84af0_0 .net "b_re", 31 0, L_0x138e8c0d0;  alias, 1 drivers
v0x138e84ba0_0 .net "c_im", 31 0, L_0x138e8c6a0;  alias, 1 drivers
v0x138e84c70_0 .var "c_im_dum", 31 0;
v0x138e84d20_0 .net "c_re", 31 0, L_0x138e8c5f0;  alias, 1 drivers
v0x138e84dd0_0 .var "c_re_dum", 31 0;
v0x138e84e80_0 .net "clk", 0 0, v0x138e88120_0;  alias, 1 drivers
v0x138e85090_0 .net "d_im", 31 0, L_0x138e8c820;  alias, 1 drivers
v0x138e85120_0 .var "d_im_dum", 31 0;
v0x138e851b0_0 .net "d_re", 31 0, L_0x138e8c750;  alias, 1 drivers
v0x138e85240_0 .var "d_re_dum", 31 0;
v0x138e852f0_0 .net "result_en", 0 0, L_0x140078130;  alias, 1 drivers
L_0x140078178 .functor BUFT 1, C4<00>, C4<0>, C4<0>, C4<0>;
v0x138e85390_0 .net "rotate", 1 0, L_0x140078178;  1 drivers
S_0x138e85550 .scope module, "fft3_2" "FFT3" 2 195, 3 70 0, S_0x138e50a00;
 .timescale 0 0;
    .port_info 0 /INPUT 1 "clk";
    .port_info 1 /INPUT 2 "rotate";
    .port_info 2 /INPUT 32 "a_re";
    .port_info 3 /INPUT 32 "a_im";
    .port_info 4 /INPUT 32 "b_re";
    .port_info 5 /INPUT 32 "b_im";
    .port_info 6 /OUTPUT 32 "c_re";
    .port_info 7 /OUTPUT 32 "c_im";
    .port_info 8 /OUTPUT 32 "d_re";
    .port_info 9 /OUTPUT 32 "d_im";
    .port_info 10 /OUTPUT 1 "result_en";
L_0x138e8c950 .functor BUFZ 32, v0x138e85cd0_0, C4<00000000000000000000000000000000>, C4<00000000000000000000000000000000>, C4<00000000000000000000000000000000>;
L_0x138e8ca00 .functor BUFZ 32, v0x138e85b80_0, C4<00000000000000000000000000000000>, C4<00000000000000000000000000000000>, C4<00000000000000000000000000000000>;
L_0x138e8cab0 .functor BUFZ 32, v0x138e86080_0, C4<00000000000000000000000000000000>, C4<00000000000000000000000000000000>, C4<00000000000000000000000000000000>;
L_0x138e8cb60 .functor BUFZ 32, v0x138e85f20_0, C4<00000000000000000000000000000000>, C4<00000000000000000000000000000000>, C4<00000000000000000000000000000000>;
v0x138e857d0_0 .net "a_im", 31 0, L_0x138e8bee0;  alias, 1 drivers
v0x138e85880_0 .net "a_re", 31 0, L_0x138e8be50;  alias, 1 drivers
v0x138e85930_0 .net "b_im", 31 0, L_0x138e8c400;  alias, 1 drivers
v0x138e85a00_0 .net "b_re", 31 0, L_0x138e8c370;  alias, 1 drivers
v0x138e85ab0_0 .net "c_im", 31 0, L_0x138e8ca00;  alias, 1 drivers
v0x138e85b80_0 .var "c_im_dum", 31 0;
v0x138e85c20_0 .net "c_re", 31 0, L_0x138e8c950;  alias, 1 drivers
v0x138e85cd0_0 .var "c_re_dum", 31 0;
v0x138e85d80_0 .net "clk", 0 0, v0x138e88120_0;  alias, 1 drivers
v0x138e85e90_0 .net "d_im", 31 0, L_0x138e8cb60;  alias, 1 drivers
v0x138e85f20_0 .var "d_im_dum", 31 0;
v0x138e85fd0_0 .net "d_re", 31 0, L_0x138e8cab0;  alias, 1 drivers
v0x138e86080_0 .var "d_re_dum", 31 0;
v0x138e86130_0 .net "result_en", 0 0, L_0x1400781c0;  alias, 1 drivers
L_0x140078208 .functor BUFT 1, C4<01>, C4<0>, C4<0>, C4<0>;
v0x138e861d0_0 .net "rotate", 1 0, L_0x140078208;  1 drivers
S_0x138e86390 .scope module, "fft3_3" "FFT3" 2 208, 3 70 0, S_0x138e50a00;
 .timescale 0 0;
    .port_info 0 /INPUT 1 "clk";
    .port_info 1 /INPUT 2 "rotate";
    .port_info 2 /INPUT 32 "a_re";
    .port_info 3 /INPUT 32 "a_im";
    .port_info 4 /INPUT 32 "b_re";
    .port_info 5 /INPUT 32 "b_im";
    .port_info 6 /OUTPUT 32 "c_re";
    .port_info 7 /OUTPUT 32 "c_im";
    .port_info 8 /OUTPUT 32 "d_re";
    .port_info 9 /OUTPUT 32 "d_im";
    .port_info 10 /OUTPUT 1 "result_en";
L_0x138e8cc50 .functor BUFZ 32, v0x138e86b50_0, C4<00000000000000000000000000000000>, C4<00000000000000000000000000000000>, C4<00000000000000000000000000000000>;
L_0x138e8cd00 .functor BUFZ 32, v0x138e869f0_0, C4<00000000000000000000000000000000>, C4<00000000000000000000000000000000>, C4<00000000000000000000000000000000>;
L_0x138e8cdb0 .functor BUFZ 32, v0x138e86f00_0, C4<00000000000000000000000000000000>, C4<00000000000000000000000000000000>, C4<00000000000000000000000000000000>;
L_0x138e8ce80 .functor BUFZ 32, v0x138e86da0_0, C4<00000000000000000000000000000000>, C4<00000000000000000000000000000000>, C4<00000000000000000000000000000000>;
v0x138e86660_0 .net "a_im", 31 0, L_0x138e8bda0;  alias, 1 drivers
v0x138e866f0_0 .net "a_re", 31 0, L_0x138e8bcf0;  alias, 1 drivers
v0x138e867a0_0 .net "b_im", 31 0, L_0x138e8c2a0;  alias, 1 drivers
v0x138e86870_0 .net "b_re", 31 0, L_0x138e8c1f0;  alias, 1 drivers
v0x138e86920_0 .net "c_im", 31 0, L_0x138e8cd00;  alias, 1 drivers
v0x138e869f0_0 .var "c_im_dum", 31 0;
v0x138e86aa0_0 .net "c_re", 31 0, L_0x138e8cc50;  alias, 1 drivers
v0x138e86b50_0 .var "c_re_dum", 31 0;
v0x138e86c00_0 .net "clk", 0 0, v0x138e88120_0;  alias, 1 drivers
v0x138e86d10_0 .net "d_im", 31 0, L_0x138e8ce80;  alias, 1 drivers
v0x138e86da0_0 .var "d_im_dum", 31 0;
v0x138e86e50_0 .net "d_re", 31 0, L_0x138e8cdb0;  alias, 1 drivers
v0x138e86f00_0 .var "d_re_dum", 31 0;
v0x138e86fb0_0 .net "result_en", 0 0, L_0x140078250;  alias, 1 drivers
L_0x140078298 .functor BUFT 1, C4<10>, C4<0>, C4<0>, C4<0>;
v0x138e87050_0 .net "rotate", 1 0, L_0x140078298;  1 drivers
S_0x138e87210 .scope module, "fft3_4" "FFT3" 2 221, 3 70 0, S_0x138e50a00;
 .timescale 0 0;
    .port_info 0 /INPUT 1 "clk";
    .port_info 1 /INPUT 2 "rotate";
    .port_info 2 /INPUT 32 "a_re";
    .port_info 3 /INPUT 32 "a_im";
    .port_info 4 /INPUT 32 "b_re";
    .port_info 5 /INPUT 32 "b_im";
    .port_info 6 /OUTPUT 32 "c_re";
    .port_info 7 /OUTPUT 32 "c_im";
    .port_info 8 /OUTPUT 32 "d_re";
    .port_info 9 /OUTPUT 32 "d_im";
    .port_info 10 /OUTPUT 1 "result_en";
L_0x138e8cff0 .functor BUFZ 32, v0x138e879d0_0, C4<00000000000000000000000000000000>, C4<00000000000000000000000000000000>, C4<00000000000000000000000000000000>;
L_0x138e8d060 .functor BUFZ 32, v0x138e87870_0, C4<00000000000000000000000000000000>, C4<00000000000000000000000000000000>, C4<00000000000000000000000000000000>;
L_0x138e8d110 .functor BUFZ 32, v0x138e87d80_0, C4<00000000000000000000000000000000>, C4<00000000000000000000000000000000>, C4<00000000000000000000000000000000>;
L_0x138e8d1e0 .functor BUFZ 32, v0x138e87c20_0, C4<00000000000000000000000000000000>, C4<00000000000000000000000000000000>, C4<00000000000000000000000000000000>;
v0x138e874e0_0 .net "a_im", 31 0, L_0x138e8c020;  alias, 1 drivers
v0x138e87570_0 .net "a_re", 31 0, L_0x138e8bf70;  alias, 1 drivers
v0x138e87620_0 .net "b_im", 31 0, L_0x138e8c540;  alias, 1 drivers
v0x138e876f0_0 .net "b_re", 31 0, L_0x138e8c490;  alias, 1 drivers
v0x138e877a0_0 .net "c_im", 31 0, L_0x138e8d060;  alias, 1 drivers
v0x138e87870_0 .var "c_im_dum", 31 0;
v0x138e87920_0 .net "c_re", 31 0, L_0x138e8cff0;  alias, 1 drivers
v0x138e879d0_0 .var "c_re_dum", 31 0;
v0x138e87a80_0 .net "clk", 0 0, v0x138e88120_0;  alias, 1 drivers
v0x138e87b90_0 .net "d_im", 31 0, L_0x138e8d1e0;  alias, 1 drivers
v0x138e87c20_0 .var "d_im_dum", 31 0;
v0x138e87cd0_0 .net "d_re", 31 0, L_0x138e8d110;  alias, 1 drivers
v0x138e87d80_0 .var "d_re_dum", 31 0;
v0x138e87e30_0 .net "result_en", 0 0, L_0x1400782e0;  alias, 1 drivers
L_0x140078328 .functor BUFT 1, C4<11>, C4<0>, C4<0>, C4<0>;
v0x138e87ed0_0 .net "rotate", 1 0, L_0x140078328;  1 drivers
    .scope S_0x138e5ec60;
T_0 ;
    %wait E_0x138e37f90;
    %load/vec4 v0x138e7ded0_0;
    %load/vec4 v0x138e7e020_0;
    %add;
    %assign/vec4 v0x138e7e320_0, 0;
    %load/vec4 v0x138e710a0_0;
    %load/vec4 v0x138e7df70_0;
    %add;
    %assign/vec4 v0x138e7e1c0_0, 0;
    %load/vec4 v0x138e7ded0_0;
    %load/vec4 v0x138e7e020_0;
    %sub;
    %assign/vec4 v0x138e7e6e0_0, 0;
    %load/vec4 v0x138e710a0_0;
    %load/vec4 v0x138e7df70_0;
    %sub;
    %assign/vec4 v0x138e7e580_0, 0;
    %jmp T_0;
    .thread T_0;
    .scope S_0x138e7e870;
T_1 ;
    %wait E_0x138e37f90;
    %load/vec4 v0x138e7eba0_0;
    %load/vec4 v0x138e7ed00_0;
    %add;
    %assign/vec4 v0x138e7f000_0, 0;
    %load/vec4 v0x138e7eb10_0;
    %load/vec4 v0x138e7ec40_0;
    %add;
    %assign/vec4 v0x138e7eea0_0, 0;
    %load/vec4 v0x138e7eba0_0;
    %load/vec4 v0x138e7ed00_0;
    %sub;
    %assign/vec4 v0x138e7f380_0, 0;
    %load/vec4 v0x138e7eb10_0;
    %load/vec4 v0x138e7ec40_0;
    %sub;
    %assign/vec4 v0x138e7f250_0, 0;
    %jmp T_1;
    .thread T_1;
    .scope S_0x138e7f510;
T_2 ;
    %wait E_0x138e37f90;
    %load/vec4 v0x138e7f880_0;
    %load/vec4 v0x138e7f9f0_0;
    %add;
    %assign/vec4 v0x138e7fcf0_0, 0;
    %load/vec4 v0x138e7f7d0_0;
    %load/vec4 v0x138e7f930_0;
    %add;
    %assign/vec4 v0x138e7fb90_0, 0;
    %load/vec4 v0x138e7f880_0;
    %load/vec4 v0x138e7f9f0_0;
    %sub;
    %assign/vec4 v0x138e800a0_0, 0;
    %load/vec4 v0x138e7f7d0_0;
    %load/vec4 v0x138e7f930_0;
    %sub;
    %assign/vec4 v0x138e7ff40_0, 0;
    %jmp T_2;
    .thread T_2;
    .scope S_0x138e80230;
T_3 ;
    %wait E_0x138e37f90;
    %load/vec4 v0x138e80580_0;
    %load/vec4 v0x138e806e0_0;
    %add;
    %assign/vec4 v0x138e809e0_0, 0;
    %load/vec4 v0x138e804d0_0;
    %load/vec4 v0x138e80630_0;
    %add;
    %assign/vec4 v0x138e80880_0, 0;
    %load/vec4 v0x138e80580_0;
    %load/vec4 v0x138e806e0_0;
    %sub;
    %assign/vec4 v0x138e80d90_0, 0;
    %load/vec4 v0x138e804d0_0;
    %load/vec4 v0x138e80630_0;
    %sub;
    %assign/vec4 v0x138e80c30_0, 0;
    %jmp T_3;
    .thread T_3;
    .scope S_0x138e80f20;
T_4 ;
    %wait E_0x138e37f90;
    %load/vec4 v0x138e81b80_0;
    %dup/vec4;
    %pushi/vec4 0, 0, 1;
    %cmp/u;
    %jmp/1 T_4.0, 6;
    %dup/vec4;
    %pushi/vec4 1, 0, 1;
    %cmp/u;
    %jmp/1 T_4.1, 6;
    %jmp T_4.3;
T_4.0 ;
    %load/vec4 v0x138e81280_0;
    %load/vec4 v0x138e81400_0;
    %add;
    %assign/vec4 v0x138e816e0_0, 0;
    %load/vec4 v0x138e811d0_0;
    %load/vec4 v0x138e81330_0;
    %add;
    %assign/vec4 v0x138e81580_0, 0;
    %load/vec4 v0x138e81280_0;
    %load/vec4 v0x138e81400_0;
    %sub;
    %assign/vec4 v0x138e81ad0_0, 0;
    %load/vec4 v0x138e811d0_0;
    %load/vec4 v0x138e81330_0;
    %sub;
    %assign/vec4 v0x138e819b0_0, 0;
    %jmp T_4.3;
T_4.1 ;
    %load/vec4 v0x138e81280_0;
    %pad/u 51;
    %load/vec4 v0x138e81400_0;
    %pad/u 51;
    %pushi/vec4 3856697463, 0, 33;
    %concati/vec4 259428, 0, 18;
    %mul;
    %add;
    %load/vec4 v0x138e81330_0;
    %pad/u 51;
    %pushi/vec4 3856697463, 0, 33;
    %concati/vec4 259428, 0, 18;
    %mul;
    %sub;
    %pad/u 32;
    %assign/vec4 v0x138e816e0_0, 0;
    %load/vec4 v0x138e81280_0;
    %pad/u 51;
    %load/vec4 v0x138e81400_0;
    %pad/u 51;
    %pushi/vec4 3856697463, 0, 33;
    %concati/vec4 259428, 0, 18;
    %mul;
    %add;
    %load/vec4 v0x138e81330_0;
    %pad/u 51;
    %pushi/vec4 3856697463, 0, 33;
    %concati/vec4 259428, 0, 18;
    %mul;
    %add;
    %pad/u 32;
    %assign/vec4 v0x138e81580_0, 0;
    %load/vec4 v0x138e81280_0;
    %pad/u 51;
    %load/vec4 v0x138e81400_0;
    %pad/u 51;
    %pushi/vec4 3856697463, 0, 33;
    %concati/vec4 259428, 0, 18;
    %mul;
    %sub;
    %load/vec4 v0x138e81330_0;
    %pad/u 51;
    %pushi/vec4 3856697463, 0, 33;
    %concati/vec4 259428, 0, 18;
    %mul;
    %add;
    %pad/u 32;
    %assign/vec4 v0x138e81ad0_0, 0;
    %load/vec4 v0x138e81280_0;
    %pad/u 51;
    %load/vec4 v0x138e81400_0;
    %pad/u 51;
    %pushi/vec4 3856697463, 0, 33;
    %concati/vec4 259428, 0, 18;
    %mul;
    %sub;
    %load/vec4 v0x138e81330_0;
    %pad/u 51;
    %pushi/vec4 3856697463, 0, 33;
    %concati/vec4 259428, 0, 18;
    %mul;
    %sub;
    %pad/u 32;
    %assign/vec4 v0x138e819b0_0, 0;
    %jmp T_4.3;
T_4.3 ;
    %pop/vec4 1;
    %jmp T_4;
    .thread T_4;
    .scope S_0x138e81d10;
T_5 ;
    %wait E_0x138e37f90;
    %load/vec4 v0x138e82910_0;
    %dup/vec4;
    %pushi/vec4 0, 0, 1;
    %cmp/u;
    %jmp/1 T_5.0, 6;
    %dup/vec4;
    %pushi/vec4 1, 0, 1;
    %cmp/u;
    %jmp/1 T_5.1, 6;
    %jmp T_5.3;
T_5.0 ;
    %load/vec4 v0x138e82050_0;
    %load/vec4 v0x138e821d0_0;
    %add;
    %assign/vec4 v0x138e824b0_0, 0;
    %load/vec4 v0x138e81fc0_0;
    %load/vec4 v0x138e82100_0;
    %add;
    %assign/vec4 v0x138e82350_0, 0;
    %load/vec4 v0x138e82050_0;
    %load/vec4 v0x138e821d0_0;
    %sub;
    %assign/vec4 v0x138e82860_0, 0;
    %load/vec4 v0x138e81fc0_0;
    %load/vec4 v0x138e82100_0;
    %sub;
    %assign/vec4 v0x138e82700_0, 0;
    %jmp T_5.3;
T_5.1 ;
    %load/vec4 v0x138e82050_0;
    %pad/u 51;
    %load/vec4 v0x138e821d0_0;
    %pad/u 51;
    %pushi/vec4 3856697463, 0, 33;
    %concati/vec4 259428, 0, 18;
    %mul;
    %add;
    %load/vec4 v0x138e82100_0;
    %pad/u 51;
    %pushi/vec4 3856697463, 0, 33;
    %concati/vec4 259428, 0, 18;
    %mul;
    %sub;
    %pad/u 32;
    %assign/vec4 v0x138e824b0_0, 0;
    %load/vec4 v0x138e82050_0;
    %pad/u 51;
    %load/vec4 v0x138e821d0_0;
    %pad/u 51;
    %pushi/vec4 3856697463, 0, 33;
    %concati/vec4 259428, 0, 18;
    %mul;
    %add;
    %load/vec4 v0x138e82100_0;
    %pad/u 51;
    %pushi/vec4 3856697463, 0, 33;
    %concati/vec4 259428, 0, 18;
    %mul;
    %add;
    %pad/u 32;
    %assign/vec4 v0x138e82350_0, 0;
    %load/vec4 v0x138e82050_0;
    %pad/u 51;
    %load/vec4 v0x138e821d0_0;
    %pad/u 51;
    %pushi/vec4 3856697463, 0, 33;
    %concati/vec4 259428, 0, 18;
    %mul;
    %sub;
    %load/vec4 v0x138e82100_0;
    %pad/u 51;
    %pushi/vec4 3856697463, 0, 33;
    %concati/vec4 259428, 0, 18;
    %mul;
    %add;
    %pad/u 32;
    %assign/vec4 v0x138e82860_0, 0;
    %load/vec4 v0x138e82050_0;
    %pad/u 51;
    %load/vec4 v0x138e821d0_0;
    %pad/u 51;
    %pushi/vec4 3856697463, 0, 33;
    %concati/vec4 259428, 0, 18;
    %mul;
    %sub;
    %load/vec4 v0x138e82100_0;
    %pad/u 51;
    %pushi/vec4 3856697463, 0, 33;
    %concati/vec4 259428, 0, 18;
    %mul;
    %sub;
    %pad/u 32;
    %assign/vec4 v0x138e82700_0, 0;
    %jmp T_5.3;
T_5.3 ;
    %pop/vec4 1;
    %jmp T_5;
    .thread T_5;
    .scope S_0x138e82aa0;
T_6 ;
    %wait E_0x138e37f90;
    %load/vec4 v0x138e836a0_0;
    %dup/vec4;
    %pushi/vec4 0, 0, 1;
    %cmp/u;
    %jmp/1 T_6.0, 6;
    %dup/vec4;
    %pushi/vec4 1, 0, 1;
    %cmp/u;
    %jmp/1 T_6.1, 6;
    %jmp T_6.3;
T_6.0 ;
    %load/vec4 v0x138e82de0_0;
    %load/vec4 v0x138e82f60_0;
    %add;
    %assign/vec4 v0x138e83240_0, 0;
    %load/vec4 v0x138e82d50_0;
    %load/vec4 v0x138e82e90_0;
    %add;
    %assign/vec4 v0x138e830e0_0, 0;
    %load/vec4 v0x138e82de0_0;
    %load/vec4 v0x138e82f60_0;
    %sub;
    %assign/vec4 v0x138e835f0_0, 0;
    %load/vec4 v0x138e82d50_0;
    %load/vec4 v0x138e82e90_0;
    %sub;
    %assign/vec4 v0x138e83490_0, 0;
    %jmp T_6.3;
T_6.1 ;
    %load/vec4 v0x138e82de0_0;
    %pad/u 51;
    %load/vec4 v0x138e82f60_0;
    %pad/u 51;
    %pushi/vec4 3856697463, 0, 33;
    %concati/vec4 259428, 0, 18;
    %mul;
    %add;
    %load/vec4 v0x138e82e90_0;
    %pad/u 51;
    %pushi/vec4 3856697463, 0, 33;
    %concati/vec4 259428, 0, 18;
    %mul;
    %sub;
    %pad/u 32;
    %assign/vec4 v0x138e83240_0, 0;
    %load/vec4 v0x138e82de0_0;
    %pad/u 51;
    %load/vec4 v0x138e82f60_0;
    %pad/u 51;
    %pushi/vec4 3856697463, 0, 33;
    %concati/vec4 259428, 0, 18;
    %mul;
    %add;
    %load/vec4 v0x138e82e90_0;
    %pad/u 51;
    %pushi/vec4 3856697463, 0, 33;
    %concati/vec4 259428, 0, 18;
    %mul;
    %add;
    %pad/u 32;
    %assign/vec4 v0x138e830e0_0, 0;
    %load/vec4 v0x138e82de0_0;
    %pad/u 51;
    %load/vec4 v0x138e82f60_0;
    %pad/u 51;
    %pushi/vec4 3856697463, 0, 33;
    %concati/vec4 259428, 0, 18;
    %mul;
    %sub;
    %load/vec4 v0x138e82e90_0;
    %pad/u 51;
    %pushi/vec4 3856697463, 0, 33;
    %concati/vec4 259428, 0, 18;
    %mul;
    %add;
    %pad/u 32;
    %assign/vec4 v0x138e835f0_0, 0;
    %load/vec4 v0x138e82de0_0;
    %pad/u 51;
    %load/vec4 v0x138e82f60_0;
    %pad/u 51;
    %pushi/vec4 3856697463, 0, 33;
    %concati/vec4 259428, 0, 18;
    %mul;
    %sub;
    %load/vec4 v0x138e82e90_0;
    %pad/u 51;
    %pushi/vec4 3856697463, 0, 33;
    %concati/vec4 259428, 0, 18;
    %mul;
    %sub;
    %pad/u 32;
    %assign/vec4 v0x138e83490_0, 0;
    %jmp T_6.3;
T_6.3 ;
    %pop/vec4 1;
    %jmp T_6;
    .thread T_6;
    .scope S_0x138e83830;
T_7 ;
    %wait E_0x138e37f90;
    %load/vec4 v0x138e84430_0;
    %dup/vec4;
    %pushi/vec4 0, 0, 1;
    %cmp/u;
    %jmp/1 T_7.0, 6;
    %dup/vec4;
    %pushi/vec4 1, 0, 1;
    %cmp/u;
    %jmp/1 T_7.1, 6;
    %jmp T_7.3;
T_7.0 ;
    %load/vec4 v0x138e83b70_0;
    %load/vec4 v0x138e83cf0_0;
    %add;
    %assign/vec4 v0x138e83fd0_0, 0;
    %load/vec4 v0x138e83ae0_0;
    %load/vec4 v0x138e83c20_0;
    %add;
    %assign/vec4 v0x138e83e70_0, 0;
    %load/vec4 v0x138e83b70_0;
    %load/vec4 v0x138e83cf0_0;
    %sub;
    %assign/vec4 v0x138e84380_0, 0;
    %load/vec4 v0x138e83ae0_0;
    %load/vec4 v0x138e83c20_0;
    %sub;
    %assign/vec4 v0x138e84220_0, 0;
    %jmp T_7.3;
T_7.1 ;
    %load/vec4 v0x138e83b70_0;
    %pad/u 51;
    %load/vec4 v0x138e83cf0_0;
    %pad/u 51;
    %pushi/vec4 3856697463, 0, 33;
    %concati/vec4 259428, 0, 18;
    %mul;
    %add;
    %load/vec4 v0x138e83c20_0;
    %pad/u 51;
    %pushi/vec4 3856697463, 0, 33;
    %concati/vec4 259428, 0, 18;
    %mul;
    %sub;
    %pad/u 32;
    %assign/vec4 v0x138e83fd0_0, 0;
    %load/vec4 v0x138e83b70_0;
    %pad/u 51;
    %load/vec4 v0x138e83cf0_0;
    %pad/u 51;
    %pushi/vec4 3856697463, 0, 33;
    %concati/vec4 259428, 0, 18;
    %mul;
    %add;
    %load/vec4 v0x138e83c20_0;
    %pad/u 51;
    %pushi/vec4 3856697463, 0, 33;
    %concati/vec4 259428, 0, 18;
    %mul;
    %add;
    %pad/u 32;
    %assign/vec4 v0x138e83e70_0, 0;
    %load/vec4 v0x138e83b70_0;
    %pad/u 51;
    %load/vec4 v0x138e83cf0_0;
    %pad/u 51;
    %pushi/vec4 3856697463, 0, 33;
    %concati/vec4 259428, 0, 18;
    %mul;
    %sub;
    %load/vec4 v0x138e83c20_0;
    %pad/u 51;
    %pushi/vec4 3856697463, 0, 33;
    %concati/vec4 259428, 0, 18;
    %mul;
    %add;
    %pad/u 32;
    %assign/vec4 v0x138e84380_0, 0;
    %load/vec4 v0x138e83b70_0;
    %pad/u 51;
    %load/vec4 v0x138e83cf0_0;
    %pad/u 51;
    %pushi/vec4 3856697463, 0, 33;
    %concati/vec4 259428, 0, 18;
    %mul;
    %sub;
    %load/vec4 v0x138e83c20_0;
    %pad/u 51;
    %pushi/vec4 3856697463, 0, 33;
    %concati/vec4 259428, 0, 18;
    %mul;
    %sub;
    %pad/u 32;
    %assign/vec4 v0x138e84220_0, 0;
    %jmp T_7.3;
T_7.3 ;
    %pop/vec4 1;
    %jmp T_7;
    .thread T_7;
    .scope S_0x138e845c0;
T_8 ;
    %wait E_0x138e37f90;
    %load/vec4 v0x138e85390_0;
    %dup/vec4;
    %pushi/vec4 0, 0, 2;
    %cmp/u;
    %jmp/1 T_8.0, 6;
    %dup/vec4;
    %pushi/vec4 1, 0, 2;
    %cmp/u;
    %jmp/1 T_8.1, 6;
    %dup/vec4;
    %pushi/vec4 2, 0, 2;
    %cmp/u;
    %jmp/1 T_8.2, 6;
    %dup/vec4;
    %pushi/vec4 3, 0, 2;
    %cmp/u;
    %jmp/1 T_8.3, 6;
    %jmp T_8.5;
T_8.0 ;
    %load/vec4 v0x138e849b0_0;
    %load/vec4 v0x138e84af0_0;
    %add;
    %assign/vec4 v0x138e84dd0_0, 0;
    %load/vec4 v0x138e84920_0;
    %load/vec4 v0x138e84a40_0;
    %add;
    %assign/vec4 v0x138e84c70_0, 0;
    %load/vec4 v0x138e849b0_0;
    %load/vec4 v0x138e84af0_0;
    %sub;
    %assign/vec4 v0x138e85240_0, 0;
    %load/vec4 v0x138e84920_0;
    %load/vec4 v0x138e84a40_0;
    %sub;
    %assign/vec4 v0x138e85120_0, 0;
    %jmp T_8.5;
T_8.1 ;
    %load/vec4 v0x138e849b0_0;
    %pad/u 51;
    %load/vec4 v0x138e84af0_0;
    %pad/u 51;
    %pushi/vec4 4234733619, 0, 33;
    %concati/vec4 180875, 0, 18;
    %mul;
    %add;
    %load/vec4 v0x138e84a40_0;
    %pad/u 51;
    %pushi/vec4 3356936984, 0, 36;
    %concati/vec4 18399, 0, 15;
    %mul;
    %sub;
    %pad/u 32;
    %assign/vec4 v0x138e84dd0_0, 0;
    %load/vec4 v0x138e849b0_0;
    %pad/u 51;
    %load/vec4 v0x138e84af0_0;
    %pad/u 51;
    %pushi/vec4 3356936984, 0, 36;
    %concati/vec4 18399, 0, 15;
    %mul;
    %add;
    %load/vec4 v0x138e84a40_0;
    %pad/u 51;
    %pushi/vec4 4234733619, 0, 33;
    %concati/vec4 180875, 0, 18;
    %mul;
    %add;
    %pad/u 32;
    %assign/vec4 v0x138e84c70_0, 0;
    %load/vec4 v0x138e849b0_0;
    %pad/u 51;
    %load/vec4 v0x138e84af0_0;
    %pad/u 51;
    %pushi/vec4 4234733619, 0, 33;
    %concati/vec4 180875, 0, 18;
    %mul;
    %sub;
    %load/vec4 v0x138e84a40_0;
    %pad/u 51;
    %pushi/vec4 3356936984, 0, 36;
    %concati/vec4 18399, 0, 15;
    %mul;
    %add;
    %pad/u 32;
    %assign/vec4 v0x138e85240_0, 0;
    %load/vec4 v0x138e849b0_0;
    %pad/u 51;
    %load/vec4 v0x138e84af0_0;
    %pad/u 51;
    %pushi/vec4 4234733619, 0, 33;
    %concati/vec4 180875, 0, 18;
    %mul;
    %sub;
    %load/vec4 v0x138e84a40_0;
    %pad/u 51;
    %pushi/vec4 3356936984, 0, 36;
    %concati/vec4 18399, 0, 15;
    %mul;
    %sub;
    %pad/u 32;
    %assign/vec4 v0x138e85120_0, 0;
    %jmp T_8.5;
T_8.2 ;
    %load/vec4 v0x138e849b0_0;
    %pad/u 51;
    %load/vec4 v0x138e84af0_0;
    %pad/u 51;
    %pushi/vec4 3856697463, 0, 33;
    %concati/vec4 259428, 0, 18;
    %mul;
    %add;
    %load/vec4 v0x138e84a40_0;
    %pad/u 51;
    %pushi/vec4 3856697463, 0, 33;
    %concati/vec4 259428, 0, 18;
    %mul;
    %sub;
    %pad/u 32;
    %assign/vec4 v0x138e84dd0_0, 0;
    %load/vec4 v0x138e849b0_0;
    %pad/u 51;
    %load/vec4 v0x138e84af0_0;
    %pad/u 51;
    %pushi/vec4 3856697463, 0, 33;
    %concati/vec4 259428, 0, 18;
    %mul;
    %add;
    %load/vec4 v0x138e84a40_0;
    %pad/u 51;
    %pushi/vec4 3856697463, 0, 33;
    %concati/vec4 259428, 0, 18;
    %mul;
    %add;
    %pad/u 32;
    %assign/vec4 v0x138e84c70_0, 0;
    %load/vec4 v0x138e849b0_0;
    %pad/u 51;
    %load/vec4 v0x138e84af0_0;
    %pad/u 51;
    %pushi/vec4 3856697463, 0, 33;
    %concati/vec4 259428, 0, 18;
    %mul;
    %sub;
    %load/vec4 v0x138e84a40_0;
    %pad/u 51;
    %pushi/vec4 3856697463, 0, 33;
    %concati/vec4 259428, 0, 18;
    %mul;
    %add;
    %pad/u 32;
    %assign/vec4 v0x138e85240_0, 0;
    %load/vec4 v0x138e849b0_0;
    %pad/u 51;
    %load/vec4 v0x138e84af0_0;
    %pad/u 51;
    %pushi/vec4 3856697463, 0, 33;
    %concati/vec4 259428, 0, 18;
    %mul;
    %sub;
    %load/vec4 v0x138e84a40_0;
    %pad/u 51;
    %pushi/vec4 3856697463, 0, 33;
    %concati/vec4 259428, 0, 18;
    %mul;
    %sub;
    %pad/u 32;
    %assign/vec4 v0x138e85120_0, 0;
    %jmp T_8.5;
T_8.3 ;
    %load/vec4 v0x138e849b0_0;
    %pad/u 51;
    %load/vec4 v0x138e84af0_0;
    %pad/u 51;
    %pushi/vec4 3356936984, 0, 36;
    %concati/vec4 18399, 0, 15;
    %mul;
    %add;
    %load/vec4 v0x138e84a40_0;
    %pad/u 51;
    %pushi/vec4 4234733619, 0, 33;
    %concati/vec4 180875, 0, 18;
    %mul;
    %sub;
    %pad/u 32;
    %assign/vec4 v0x138e84dd0_0, 0;
    %load/vec4 v0x138e849b0_0;
    %pad/u 51;
    %load/vec4 v0x138e84af0_0;
    %pad/u 51;
    %pushi/vec4 4234733619, 0, 33;
    %concati/vec4 180875, 0, 18;
    %mul;
    %add;
    %load/vec4 v0x138e84a40_0;
    %pad/u 51;
    %pushi/vec4 3356936984, 0, 36;
    %concati/vec4 18399, 0, 15;
    %mul;
    %add;
    %pad/u 32;
    %assign/vec4 v0x138e84c70_0, 0;
    %load/vec4 v0x138e849b0_0;
    %pad/u 51;
    %load/vec4 v0x138e84af0_0;
    %pad/u 51;
    %pushi/vec4 3356936984, 0, 36;
    %concati/vec4 18399, 0, 15;
    %mul;
    %sub;
    %load/vec4 v0x138e84a40_0;
    %pad/u 51;
    %pushi/vec4 4234733619, 0, 33;
    %concati/vec4 180875, 0, 18;
    %mul;
    %add;
    %pad/u 32;
    %assign/vec4 v0x138e85240_0, 0;
    %load/vec4 v0x138e849b0_0;
    %pad/u 51;
    %load/vec4 v0x138e84af0_0;
    %pad/u 51;
    %pushi/vec4 3356936984, 0, 36;
    %concati/vec4 18399, 0, 15;
    %mul;
    %sub;
    %load/vec4 v0x138e84a40_0;
    %pad/u 51;
    %pushi/vec4 4234733619, 0, 33;
    %concati/vec4 180875, 0, 18;
    %mul;
    %sub;
    %pad/u 32;
    %assign/vec4 v0x138e85120_0, 0;
    %jmp T_8.5;
T_8.5 ;
    %pop/vec4 1;
    %jmp T_8;
    .thread T_8;
    .scope S_0x138e85550;
T_9 ;
    %wait E_0x138e37f90;
    %load/vec4 v0x138e861d0_0;
    %dup/vec4;
    %pushi/vec4 0, 0, 2;
    %cmp/u;
    %jmp/1 T_9.0, 6;
    %dup/vec4;
    %pushi/vec4 1, 0, 2;
    %cmp/u;
    %jmp/1 T_9.1, 6;
    %dup/vec4;
    %pushi/vec4 2, 0, 2;
    %cmp/u;
    %jmp/1 T_9.2, 6;
    %dup/vec4;
    %pushi/vec4 3, 0, 2;
    %cmp/u;
    %jmp/1 T_9.3, 6;
    %jmp T_9.5;
T_9.0 ;
    %load/vec4 v0x138e85880_0;
    %load/vec4 v0x138e85a00_0;
    %add;
    %assign/vec4 v0x138e85cd0_0, 0;
    %load/vec4 v0x138e857d0_0;
    %load/vec4 v0x138e85930_0;
    %add;
    %assign/vec4 v0x138e85b80_0, 0;
    %load/vec4 v0x138e85880_0;
    %load/vec4 v0x138e85a00_0;
    %sub;
    %assign/vec4 v0x138e86080_0, 0;
    %load/vec4 v0x138e857d0_0;
    %load/vec4 v0x138e85930_0;
    %sub;
    %assign/vec4 v0x138e85f20_0, 0;
    %jmp T_9.5;
T_9.1 ;
    %load/vec4 v0x138e85880_0;
    %pad/u 51;
    %load/vec4 v0x138e85a00_0;
    %pad/u 51;
    %pushi/vec4 4234733619, 0, 33;
    %concati/vec4 180875, 0, 18;
    %mul;
    %add;
    %load/vec4 v0x138e85930_0;
    %pad/u 51;
    %pushi/vec4 3356936984, 0, 36;
    %concati/vec4 18399, 0, 15;
    %mul;
    %sub;
    %pad/u 32;
    %assign/vec4 v0x138e85cd0_0, 0;
    %load/vec4 v0x138e85880_0;
    %pad/u 51;
    %load/vec4 v0x138e85a00_0;
    %pad/u 51;
    %pushi/vec4 3356936984, 0, 36;
    %concati/vec4 18399, 0, 15;
    %mul;
    %add;
    %load/vec4 v0x138e85930_0;
    %pad/u 51;
    %pushi/vec4 4234733619, 0, 33;
    %concati/vec4 180875, 0, 18;
    %mul;
    %add;
    %pad/u 32;
    %assign/vec4 v0x138e85b80_0, 0;
    %load/vec4 v0x138e85880_0;
    %pad/u 51;
    %load/vec4 v0x138e85a00_0;
    %pad/u 51;
    %pushi/vec4 4234733619, 0, 33;
    %concati/vec4 180875, 0, 18;
    %mul;
    %sub;
    %load/vec4 v0x138e85930_0;
    %pad/u 51;
    %pushi/vec4 3356936984, 0, 36;
    %concati/vec4 18399, 0, 15;
    %mul;
    %add;
    %pad/u 32;
    %assign/vec4 v0x138e86080_0, 0;
    %load/vec4 v0x138e85880_0;
    %pad/u 51;
    %load/vec4 v0x138e85a00_0;
    %pad/u 51;
    %pushi/vec4 4234733619, 0, 33;
    %concati/vec4 180875, 0, 18;
    %mul;
    %sub;
    %load/vec4 v0x138e85930_0;
    %pad/u 51;
    %pushi/vec4 3356936984, 0, 36;
    %concati/vec4 18399, 0, 15;
    %mul;
    %sub;
    %pad/u 32;
    %assign/vec4 v0x138e85f20_0, 0;
    %jmp T_9.5;
T_9.2 ;
    %load/vec4 v0x138e85880_0;
    %pad/u 51;
    %load/vec4 v0x138e85a00_0;
    %pad/u 51;
    %pushi/vec4 3856697463, 0, 33;
    %concati/vec4 259428, 0, 18;
    %mul;
    %add;
    %load/vec4 v0x138e85930_0;
    %pad/u 51;
    %pushi/vec4 3856697463, 0, 33;
    %concati/vec4 259428, 0, 18;
    %mul;
    %sub;
    %pad/u 32;
    %assign/vec4 v0x138e85cd0_0, 0;
    %load/vec4 v0x138e85880_0;
    %pad/u 51;
    %load/vec4 v0x138e85a00_0;
    %pad/u 51;
    %pushi/vec4 3856697463, 0, 33;
    %concati/vec4 259428, 0, 18;
    %mul;
    %add;
    %load/vec4 v0x138e85930_0;
    %pad/u 51;
    %pushi/vec4 3856697463, 0, 33;
    %concati/vec4 259428, 0, 18;
    %mul;
    %add;
    %pad/u 32;
    %assign/vec4 v0x138e85b80_0, 0;
    %load/vec4 v0x138e85880_0;
    %pad/u 51;
    %load/vec4 v0x138e85a00_0;
    %pad/u 51;
    %pushi/vec4 3856697463, 0, 33;
    %concati/vec4 259428, 0, 18;
    %mul;
    %sub;
    %load/vec4 v0x138e85930_0;
    %pad/u 51;
    %pushi/vec4 3856697463, 0, 33;
    %concati/vec4 259428, 0, 18;
    %mul;
    %add;
    %pad/u 32;
    %assign/vec4 v0x138e86080_0, 0;
    %load/vec4 v0x138e85880_0;
    %pad/u 51;
    %load/vec4 v0x138e85a00_0;
    %pad/u 51;
    %pushi/vec4 3856697463, 0, 33;
    %concati/vec4 259428, 0, 18;
    %mul;
    %sub;
    %load/vec4 v0x138e85930_0;
    %pad/u 51;
    %pushi/vec4 3856697463, 0, 33;
    %concati/vec4 259428, 0, 18;
    %mul;
    %sub;
    %pad/u 32;
    %assign/vec4 v0x138e85f20_0, 0;
    %jmp T_9.5;
T_9.3 ;
    %load/vec4 v0x138e85880_0;
    %pad/u 51;
    %load/vec4 v0x138e85a00_0;
    %pad/u 51;
    %pushi/vec4 3356936984, 0, 36;
    %concati/vec4 18399, 0, 15;
    %mul;
    %add;
    %load/vec4 v0x138e85930_0;
    %pad/u 51;
    %pushi/vec4 4234733619, 0, 33;
    %concati/vec4 180875, 0, 18;
    %mul;
    %sub;
    %pad/u 32;
    %assign/vec4 v0x138e85cd0_0, 0;
    %load/vec4 v0x138e85880_0;
    %pad/u 51;
    %load/vec4 v0x138e85a00_0;
    %pad/u 51;
    %pushi/vec4 4234733619, 0, 33;
    %concati/vec4 180875, 0, 18;
    %mul;
    %add;
    %load/vec4 v0x138e85930_0;
    %pad/u 51;
    %pushi/vec4 3356936984, 0, 36;
    %concati/vec4 18399, 0, 15;
    %mul;
    %add;
    %pad/u 32;
    %assign/vec4 v0x138e85b80_0, 0;
    %load/vec4 v0x138e85880_0;
    %pad/u 51;
    %load/vec4 v0x138e85a00_0;
    %pad/u 51;
    %pushi/vec4 3356936984, 0, 36;
    %concati/vec4 18399, 0, 15;
    %mul;
    %sub;
    %load/vec4 v0x138e85930_0;
    %pad/u 51;
    %pushi/vec4 4234733619, 0, 33;
    %concati/vec4 180875, 0, 18;
    %mul;
    %add;
    %pad/u 32;
    %assign/vec4 v0x138e86080_0, 0;
    %load/vec4 v0x138e85880_0;
    %pad/u 51;
    %load/vec4 v0x138e85a00_0;
    %pad/u 51;
    %pushi/vec4 3356936984, 0, 36;
    %concati/vec4 18399, 0, 15;
    %mul;
    %sub;
    %load/vec4 v0x138e85930_0;
    %pad/u 51;
    %pushi/vec4 4234733619, 0, 33;
    %concati/vec4 180875, 0, 18;
    %mul;
    %sub;
    %pad/u 32;
    %assign/vec4 v0x138e85f20_0, 0;
    %jmp T_9.5;
T_9.5 ;
    %pop/vec4 1;
    %jmp T_9;
    .thread T_9;
    .scope S_0x138e86390;
T_10 ;
    %wait E_0x138e37f90;
    %load/vec4 v0x138e87050_0;
    %dup/vec4;
    %pushi/vec4 0, 0, 2;
    %cmp/u;
    %jmp/1 T_10.0, 6;
    %dup/vec4;
    %pushi/vec4 1, 0, 2;
    %cmp/u;
    %jmp/1 T_10.1, 6;
    %dup/vec4;
    %pushi/vec4 2, 0, 2;
    %cmp/u;
    %jmp/1 T_10.2, 6;
    %dup/vec4;
    %pushi/vec4 3, 0, 2;
    %cmp/u;
    %jmp/1 T_10.3, 6;
    %jmp T_10.5;
T_10.0 ;
    %load/vec4 v0x138e866f0_0;
    %load/vec4 v0x138e86870_0;
    %add;
    %assign/vec4 v0x138e86b50_0, 0;
    %load/vec4 v0x138e86660_0;
    %load/vec4 v0x138e867a0_0;
    %add;
    %assign/vec4 v0x138e869f0_0, 0;
    %load/vec4 v0x138e866f0_0;
    %load/vec4 v0x138e86870_0;
    %sub;
    %assign/vec4 v0x138e86f00_0, 0;
    %load/vec4 v0x138e86660_0;
    %load/vec4 v0x138e867a0_0;
    %sub;
    %assign/vec4 v0x138e86da0_0, 0;
    %jmp T_10.5;
T_10.1 ;
    %load/vec4 v0x138e866f0_0;
    %pad/u 51;
    %load/vec4 v0x138e86870_0;
    %pad/u 51;
    %pushi/vec4 4234733619, 0, 33;
    %concati/vec4 180875, 0, 18;
    %mul;
    %add;
    %load/vec4 v0x138e867a0_0;
    %pad/u 51;
    %pushi/vec4 3356936984, 0, 36;
    %concati/vec4 18399, 0, 15;
    %mul;
    %sub;
    %pad/u 32;
    %assign/vec4 v0x138e86b50_0, 0;
    %load/vec4 v0x138e866f0_0;
    %pad/u 51;
    %load/vec4 v0x138e86870_0;
    %pad/u 51;
    %pushi/vec4 3356936984, 0, 36;
    %concati/vec4 18399, 0, 15;
    %mul;
    %add;
    %load/vec4 v0x138e867a0_0;
    %pad/u 51;
    %pushi/vec4 4234733619, 0, 33;
    %concati/vec4 180875, 0, 18;
    %mul;
    %add;
    %pad/u 32;
    %assign/vec4 v0x138e869f0_0, 0;
    %load/vec4 v0x138e866f0_0;
    %pad/u 51;
    %load/vec4 v0x138e86870_0;
    %pad/u 51;
    %pushi/vec4 4234733619, 0, 33;
    %concati/vec4 180875, 0, 18;
    %mul;
    %sub;
    %load/vec4 v0x138e867a0_0;
    %pad/u 51;
    %pushi/vec4 3356936984, 0, 36;
    %concati/vec4 18399, 0, 15;
    %mul;
    %add;
    %pad/u 32;
    %assign/vec4 v0x138e86f00_0, 0;
    %load/vec4 v0x138e866f0_0;
    %pad/u 51;
    %load/vec4 v0x138e86870_0;
    %pad/u 51;
    %pushi/vec4 4234733619, 0, 33;
    %concati/vec4 180875, 0, 18;
    %mul;
    %sub;
    %load/vec4 v0x138e867a0_0;
    %pad/u 51;
    %pushi/vec4 3356936984, 0, 36;
    %concati/vec4 18399, 0, 15;
    %mul;
    %sub;
    %pad/u 32;
    %assign/vec4 v0x138e86da0_0, 0;
    %jmp T_10.5;
T_10.2 ;
    %load/vec4 v0x138e866f0_0;
    %pad/u 51;
    %load/vec4 v0x138e86870_0;
    %pad/u 51;
    %pushi/vec4 3856697463, 0, 33;
    %concati/vec4 259428, 0, 18;
    %mul;
    %add;
    %load/vec4 v0x138e867a0_0;
    %pad/u 51;
    %pushi/vec4 3856697463, 0, 33;
    %concati/vec4 259428, 0, 18;
    %mul;
    %sub;
    %pad/u 32;
    %assign/vec4 v0x138e86b50_0, 0;
    %load/vec4 v0x138e866f0_0;
    %pad/u 51;
    %load/vec4 v0x138e86870_0;
    %pad/u 51;
    %pushi/vec4 3856697463, 0, 33;
    %concati/vec4 259428, 0, 18;
    %mul;
    %add;
    %load/vec4 v0x138e867a0_0;
    %pad/u 51;
    %pushi/vec4 3856697463, 0, 33;
    %concati/vec4 259428, 0, 18;
    %mul;
    %add;
    %pad/u 32;
    %assign/vec4 v0x138e869f0_0, 0;
    %load/vec4 v0x138e866f0_0;
    %pad/u 51;
    %load/vec4 v0x138e86870_0;
    %pad/u 51;
    %pushi/vec4 3856697463, 0, 33;
    %concati/vec4 259428, 0, 18;
    %mul;
    %sub;
    %load/vec4 v0x138e867a0_0;
    %pad/u 51;
    %pushi/vec4 3856697463, 0, 33;
    %concati/vec4 259428, 0, 18;
    %mul;
    %add;
    %pad/u 32;
    %assign/vec4 v0x138e86f00_0, 0;
    %load/vec4 v0x138e866f0_0;
    %pad/u 51;
    %load/vec4 v0x138e86870_0;
    %pad/u 51;
    %pushi/vec4 3856697463, 0, 33;
    %concati/vec4 259428, 0, 18;
    %mul;
    %sub;
    %load/vec4 v0x138e867a0_0;
    %pad/u 51;
    %pushi/vec4 3856697463, 0, 33;
    %concati/vec4 259428, 0, 18;
    %mul;
    %sub;
    %pad/u 32;
    %assign/vec4 v0x138e86da0_0, 0;
    %jmp T_10.5;
T_10.3 ;
    %load/vec4 v0x138e866f0_0;
    %pad/u 51;
    %load/vec4 v0x138e86870_0;
    %pad/u 51;
    %pushi/vec4 3356936984, 0, 36;
    %concati/vec4 18399, 0, 15;
    %mul;
    %add;
    %load/vec4 v0x138e867a0_0;
    %pad/u 51;
    %pushi/vec4 4234733619, 0, 33;
    %concati/vec4 180875, 0, 18;
    %mul;
    %sub;
    %pad/u 32;
    %assign/vec4 v0x138e86b50_0, 0;
    %load/vec4 v0x138e866f0_0;
    %pad/u 51;
    %load/vec4 v0x138e86870_0;
    %pad/u 51;
    %pushi/vec4 4234733619, 0, 33;
    %concati/vec4 180875, 0, 18;
    %mul;
    %add;
    %load/vec4 v0x138e867a0_0;
    %pad/u 51;
    %pushi/vec4 3356936984, 0, 36;
    %concati/vec4 18399, 0, 15;
    %mul;
    %add;
    %pad/u 32;
    %assign/vec4 v0x138e869f0_0, 0;
    %load/vec4 v0x138e866f0_0;
    %pad/u 51;
    %load/vec4 v0x138e86870_0;
    %pad/u 51;
    %pushi/vec4 3356936984, 0, 36;
    %concati/vec4 18399, 0, 15;
    %mul;
    %sub;
    %load/vec4 v0x138e867a0_0;
    %pad/u 51;
    %pushi/vec4 4234733619, 0, 33;
    %concati/vec4 180875, 0, 18;
    %mul;
    %add;
    %pad/u 32;
    %assign/vec4 v0x138e86f00_0, 0;
    %load/vec4 v0x138e866f0_0;
    %pad/u 51;
    %load/vec4 v0x138e86870_0;
    %pad/u 51;
    %pushi/vec4 3356936984, 0, 36;
    %concati/vec4 18399, 0, 15;
    %mul;
    %sub;
    %load/vec4 v0x138e867a0_0;
    %pad/u 51;
    %pushi/vec4 4234733619, 0, 33;
    %concati/vec4 180875, 0, 18;
    %mul;
    %sub;
    %pad/u 32;
    %assign/vec4 v0x138e86da0_0, 0;
    %jmp T_10.5;
T_10.5 ;
    %pop/vec4 1;
    %jmp T_10;
    .thread T_10;
    .scope S_0x138e87210;
T_11 ;
    %wait E_0x138e37f90;
    %load/vec4 v0x138e87ed0_0;
    %dup/vec4;
    %pushi/vec4 0, 0, 2;
    %cmp/u;
    %jmp/1 T_11.0, 6;
    %dup/vec4;
    %pushi/vec4 1, 0, 2;
    %cmp/u;
    %jmp/1 T_11.1, 6;
    %dup/vec4;
    %pushi/vec4 2, 0, 2;
    %cmp/u;
    %jmp/1 T_11.2, 6;
    %dup/vec4;
    %pushi/vec4 3, 0, 2;
    %cmp/u;
    %jmp/1 T_11.3, 6;
    %jmp T_11.5;
T_11.0 ;
    %load/vec4 v0x138e87570_0;
    %load/vec4 v0x138e876f0_0;
    %add;
    %assign/vec4 v0x138e879d0_0, 0;
    %load/vec4 v0x138e874e0_0;
    %load/vec4 v0x138e87620_0;
    %add;
    %assign/vec4 v0x138e87870_0, 0;
    %load/vec4 v0x138e87570_0;
    %load/vec4 v0x138e876f0_0;
    %sub;
    %assign/vec4 v0x138e87d80_0, 0;
    %load/vec4 v0x138e874e0_0;
    %load/vec4 v0x138e87620_0;
    %sub;
    %assign/vec4 v0x138e87c20_0, 0;
    %jmp T_11.5;
T_11.1 ;
    %load/vec4 v0x138e87570_0;
    %pad/u 51;
    %load/vec4 v0x138e876f0_0;
    %pad/u 51;
    %pushi/vec4 4234733619, 0, 33;
    %concati/vec4 180875, 0, 18;
    %mul;
    %add;
    %load/vec4 v0x138e87620_0;
    %pad/u 51;
    %pushi/vec4 3356936984, 0, 36;
    %concati/vec4 18399, 0, 15;
    %mul;
    %sub;
    %pad/u 32;
    %assign/vec4 v0x138e879d0_0, 0;
    %load/vec4 v0x138e87570_0;
    %pad/u 51;
    %load/vec4 v0x138e876f0_0;
    %pad/u 51;
    %pushi/vec4 3356936984, 0, 36;
    %concati/vec4 18399, 0, 15;
    %mul;
    %add;
    %load/vec4 v0x138e87620_0;
    %pad/u 51;
    %pushi/vec4 4234733619, 0, 33;
    %concati/vec4 180875, 0, 18;
    %mul;
    %add;
    %pad/u 32;
    %assign/vec4 v0x138e87870_0, 0;
    %load/vec4 v0x138e87570_0;
    %pad/u 51;
    %load/vec4 v0x138e876f0_0;
    %pad/u 51;
    %pushi/vec4 4234733619, 0, 33;
    %concati/vec4 180875, 0, 18;
    %mul;
    %sub;
    %load/vec4 v0x138e87620_0;
    %pad/u 51;
    %pushi/vec4 3356936984, 0, 36;
    %concati/vec4 18399, 0, 15;
    %mul;
    %add;
    %pad/u 32;
    %assign/vec4 v0x138e87d80_0, 0;
    %load/vec4 v0x138e87570_0;
    %pad/u 51;
    %load/vec4 v0x138e876f0_0;
    %pad/u 51;
    %pushi/vec4 4234733619, 0, 33;
    %concati/vec4 180875, 0, 18;
    %mul;
    %sub;
    %load/vec4 v0x138e87620_0;
    %pad/u 51;
    %pushi/vec4 3356936984, 0, 36;
    %concati/vec4 18399, 0, 15;
    %mul;
    %sub;
    %pad/u 32;
    %assign/vec4 v0x138e87c20_0, 0;
    %jmp T_11.5;
T_11.2 ;
    %load/vec4 v0x138e87570_0;
    %pad/u 51;
    %load/vec4 v0x138e876f0_0;
    %pad/u 51;
    %pushi/vec4 3856697463, 0, 33;
    %concati/vec4 259428, 0, 18;
    %mul;
    %add;
    %load/vec4 v0x138e87620_0;
    %pad/u 51;
    %pushi/vec4 3856697463, 0, 33;
    %concati/vec4 259428, 0, 18;
    %mul;
    %sub;
    %pad/u 32;
    %assign/vec4 v0x138e879d0_0, 0;
    %load/vec4 v0x138e87570_0;
    %pad/u 51;
    %load/vec4 v0x138e876f0_0;
    %pad/u 51;
    %pushi/vec4 3856697463, 0, 33;
    %concati/vec4 259428, 0, 18;
    %mul;
    %add;
    %load/vec4 v0x138e87620_0;
    %pad/u 51;
    %pushi/vec4 3856697463, 0, 33;
    %concati/vec4 259428, 0, 18;
    %mul;
    %add;
    %pad/u 32;
    %assign/vec4 v0x138e87870_0, 0;
    %load/vec4 v0x138e87570_0;
    %pad/u 51;
    %load/vec4 v0x138e876f0_0;
    %pad/u 51;
    %pushi/vec4 3856697463, 0, 33;
    %concati/vec4 259428, 0, 18;
    %mul;
    %sub;
    %load/vec4 v0x138e87620_0;
    %pad/u 51;
    %pushi/vec4 3856697463, 0, 33;
    %concati/vec4 259428, 0, 18;
    %mul;
    %add;
    %pad/u 32;
    %assign/vec4 v0x138e87d80_0, 0;
    %load/vec4 v0x138e87570_0;
    %pad/u 51;
    %load/vec4 v0x138e876f0_0;
    %pad/u 51;
    %pushi/vec4 3856697463, 0, 33;
    %concati/vec4 259428, 0, 18;
    %mul;
    %sub;
    %load/vec4 v0x138e87620_0;
    %pad/u 51;
    %pushi/vec4 3856697463, 0, 33;
    %concati/vec4 259428, 0, 18;
    %mul;
    %sub;
    %pad/u 32;
    %assign/vec4 v0x138e87c20_0, 0;
    %jmp T_11.5;
T_11.3 ;
    %load/vec4 v0x138e87570_0;
    %pad/u 51;
    %load/vec4 v0x138e876f0_0;
    %pad/u 51;
    %pushi/vec4 3356936984, 0, 36;
    %concati/vec4 18399, 0, 15;
    %mul;
    %add;
    %load/vec4 v0x138e87620_0;
    %pad/u 51;
    %pushi/vec4 4234733619, 0, 33;
    %concati/vec4 180875, 0, 18;
    %mul;
    %sub;
    %pad/u 32;
    %assign/vec4 v0x138e879d0_0, 0;
    %load/vec4 v0x138e87570_0;
    %pad/u 51;
    %load/vec4 v0x138e876f0_0;
    %pad/u 51;
    %pushi/vec4 4234733619, 0, 33;
    %concati/vec4 180875, 0, 18;
    %mul;
    %add;
    %load/vec4 v0x138e87620_0;
    %pad/u 51;
    %pushi/vec4 3356936984, 0, 36;
    %concati/vec4 18399, 0, 15;
    %mul;
    %add;
    %pad/u 32;
    %assign/vec4 v0x138e87870_0, 0;
    %load/vec4 v0x138e87570_0;
    %pad/u 51;
    %load/vec4 v0x138e876f0_0;
    %pad/u 51;
    %pushi/vec4 3356936984, 0, 36;
    %concati/vec4 18399, 0, 15;
    %mul;
    %sub;
    %load/vec4 v0x138e87620_0;
    %pad/u 51;
    %pushi/vec4 4234733619, 0, 33;
    %concati/vec4 180875, 0, 18;
    %mul;
    %add;
    %pad/u 32;
    %assign/vec4 v0x138e87d80_0, 0;
    %load/vec4 v0x138e87570_0;
    %pad/u 51;
    %load/vec4 v0x138e876f0_0;
    %pad/u 51;
    %pushi/vec4 3356936984, 0, 36;
    %concati/vec4 18399, 0, 15;
    %mul;
    %sub;
    %load/vec4 v0x138e87620_0;
    %pad/u 51;
    %pushi/vec4 4234733619, 0, 33;
    %concati/vec4 180875, 0, 18;
    %mul;
    %sub;
    %pad/u 32;
    %assign/vec4 v0x138e87c20_0, 0;
    %jmp T_11.5;
T_11.5 ;
    %pop/vec4 1;
    %jmp T_11;
    .thread T_11;
    .scope S_0x138e50a00;
T_12 ;
    %pushi/vec4 0, 0, 1;
    %assign/vec4 v0x138e88120_0, 0;
    %pushi/vec4 0, 0, 1;
    %assign/vec4 v0x138e899b0_0, 0;
    %pushi/vec4 0, 0, 32;
    %assign/vec4 v0x138e881b0_0, 0;
    %pushi/vec4 0, 0, 1;
    %assign/vec4 v0x138e8b010_0, 0;
    %pushi/vec4 0, 0, 32;
    %assign/vec4 v0x138e88450_0, 0;
    %pushi/vec4 0, 0, 32;
    %assign/vec4 v0x138e884f0_0, 0;
    %pushi/vec4 0, 0, 32;
    %assign/vec4 v0x138e885a0_0, 0;
    %pushi/vec4 0, 0, 32;
    %assign/vec4 v0x138e886d0_0, 0;
    %pushi/vec4 0, 0, 32;
    %assign/vec4 v0x138e88760_0, 0;
    %pushi/vec4 0, 0, 32;
    %assign/vec4 v0x138e88810_0, 0;
    %pushi/vec4 0, 0, 32;
    %assign/vec4 v0x138e888b0_0, 0;
    %pushi/vec4 0, 0, 32;
    %assign/vec4 v0x138e88960_0, 0;
    %delay 400000, 0;
    %vpi_call 2 43 "$finish" {0 0 0};
    %end;
    .thread T_12;
    .scope S_0x138e50a00;
T_13 ;
    %vpi_func 2 47 "$fopen" 32, "target32.txt", "r" {0 0 0};
    %store/vec4 v0x138e88240_0, 0, 32;
    %vpi_func 2 48 "$fopen" 32, "output.txt", "w" {0 0 0};
    %store/vec4 v0x138e882d0_0, 0, 32;
    %vpi_call 2 49 "$display", "Default format: Current time=%t", $realtime {0 0 0};
    %end;
    .thread T_13;
    .scope S_0x138e50a00;
T_14 ;
    %delay 1, 0;
    %load/vec4 v0x138e88120_0;
    %inv;
    %assign/vec4 v0x138e88120_0, 0;
    %load/vec4 v0x138e89850_0;
    %load/vec4 v0x138e89900_0;
    %and;
    %load/vec4 v0x138e8aed0_0;
    %and;
    %load/vec4 v0x138e8af60_0;
    %and;
    %flag_set/vec4 8;
    %jmp/0xz  T_14.0, 8;
    %pushi/vec4 1, 0, 1;
    %assign/vec4 v0x138e8b010_0, 0;
T_14.0 ;
    %jmp T_14;
    .thread T_14;
    .scope S_0x138e50a00;
T_15 ;
    %delay 2, 0;
    %vpi_func 2 64 "$feof" 32, v0x138e88240_0 {0 0 0};
    %nor/r;
    %load/vec4 v0x138e881b0_0;
    %cmpi/s 400000, 0, 32;
    %flag_get/vec4 5;
    %and;
    %flag_set/vec4 8;
    %jmp/0xz  T_15.0, 8;
    %pushi/vec4 0, 0, 32;
    %store/vec4 v0x138e883a0_0, 0, 32;
T_15.2 ;
    %load/vec4 v0x138e883a0_0;
    %cmpi/s 8, 0, 32;
    %jmp/0xz T_15.3, 5;
    %vpi_func 2 66 "$fscanf" 32, v0x138e88240_0, "%b\012", &A<v0x138e8b0a0, v0x138e883a0_0 > {0 0 0};
    %store/vec4 v0x138e88090_0, 0, 32;
    %load/vec4 v0x138e883a0_0;
    %addi 1, 0, 32;
    %store/vec4 v0x138e883a0_0, 0, 32;
    %jmp T_15.2;
T_15.3 ;
    %load/vec4 v0x138e881b0_0;
    %addi 1, 0, 32;
    %assign/vec4 v0x138e881b0_0, 0;
T_15.0 ;
    %load/vec4 v0x138e882d0_0;
    %cmpi/ne 0, 0, 32;
    %jmp/0xz  T_15.4, 4;
    %load/vec4 v0x138e8b010_0;
    %flag_set/vec4 8;
    %jmp/0xz  T_15.6, 8;
    %vpi_call 2 73 "$fdisplay", v0x138e882d0_0, "%b", v0x138e88eb0_0 {0 0 0};
    %vpi_call 2 74 "$fdisplay", v0x138e882d0_0, "%b", v0x138e892d0_0 {0 0 0};
    %vpi_call 2 75 "$fdisplay", v0x138e882d0_0, "%b", v0x138e89730_0 {0 0 0};
    %vpi_call 2 76 "$fdisplay", v0x138e882d0_0, "%b", v0x138e89cc0_0 {0 0 0};
    %vpi_call 2 77 "$fdisplay", v0x138e882d0_0, "%b", v0x138e8a120_0 {0 0 0};
    %vpi_call 2 78 "$fdisplay", v0x138e882d0_0, "%b", v0x138e8a580_0 {0 0 0};
    %vpi_call 2 79 "$fdisplay", v0x138e882d0_0, "%b", v0x138e8a9e0_0 {0 0 0};
    %vpi_call 2 80 "$fdisplay", v0x138e882d0_0, "%b", v0x138e8ae40_0 {0 0 0};
T_15.6 ;
T_15.4 ;
    %jmp T_15;
    .thread T_15;
# The file index is used to find the file name in the following table.
:file_names 4;
    "N/A";
    "<interactive>";
    "main.v";
    "FFT.v";
